# JRE version: OpenJDK Runtime Environment (8.0_152-b06) (build 1.8.0_152-release-1136-b06)
# Java VM: OpenJDK 64-Bit Server VM (25.152-b06 mixed mode windows-amd64 compressed oops)
Heap:
 PSYoungGen      total 239616K, used 150597K [0x00000000e0000000, 0x00000000f3380000, 0x0000000100000000)
  eden space 212992K, 58% used [0x00000000e0000000,0x00000000e7914600,0x00000000ed000000)
  from space 26624K, 99% used [0x00000000ef780000,0x00000000f117ce60,0x00000000f1180000)
  to   space 40448K, 0% used [0x00000000ed000000,0x00000000ed000000,0x00000000ef780000)
 ParOldGen       total 159232K, used 68793K [0x00000000a0000000, 0x00000000a9b80000, 0x00000000e0000000)
  object space 159232K, 43% used [0x00000000a0000000,0x00000000a432e7b0,0x00000000a9b80000)
 Metaspace       used 74378K, capacity 78338K, committed 78632K, reserved 1118208K
  class space    used 9922K, capacity 10682K, committed 10800K, reserved 1048576K
GC Heap History (10 events):
Event: 7.831 GC heap before
{Heap before GC invocations=13 (full 3):
 PSYoungGen      total 188416K, used 17402K [0x00000000e0000000, 0x00000000ed780000, 0x0000000100000000)
  eden space 171008K, 0% used [0x00000000e0000000,0x00000000e0000000,0x00000000ea700000)
  from space 17408K, 99% used [0x00000000ebc80000,0x00000000ecd7e9f8,0x00000000ecd80000)
  to   space 22016K, 0% used [0x00000000ea700000,0x00000000ea700000,0x00000000ebc80000)
 ParOldGen       total 105984K, used 27952K [0x00000000a0000000, 0x00000000a6780000, 0x00000000e0000000)
  object space 105984K, 26% used [0x00000000a0000000,0x00000000a1b4c268,0x00000000a6780000)
 Metaspace       used 57217K, capacity 58988K, committed 59160K, reserved 1099776K
  class space    used 7821K, capacity 8259K, committed 8368K, reserved 1048576K
Event: 7.957 GC heap after
Heap after GC invocations=13 (full 3):
 PSYoungGen      total 188416K, used 0K [0x00000000e0000000, 0x00000000ed780000, 0x0000000100000000)
  eden space 171008K, 0% used [0x00000000e0000000,0x00000000e0000000,0x00000000ea700000)
  from space 17408K, 0% used [0x00000000ebc80000,0x00000000ebc80000,0x00000000ecd80000)
  to   space 22016K, 0% used [0x00000000ea700000,0x00000000ea700000,0x00000000ebc80000)
 ParOldGen       total 159232K, used 36618K [0x00000000a0000000, 0x00000000a9b80000, 0x00000000e0000000)
  object space 159232K, 22% used [0x00000000a0000000,0x00000000a23c2940,0x00000000a9b80000)
 Metaspace       used 57217K, capacity 58988K, committed 59160K, reserved 1099776K
  class space    used 7821K, capacity 8259K, committed 8368K, reserved 1048576K
}
Event: 17.275 GC heap before
{Heap before GC invocations=14 (full 3):
 PSYoungGen      total 188416K, used 171008K [0x00000000e0000000, 0x00000000ed780000, 0x0000000100000000)
  eden space 171008K, 100% used [0x00000000e0000000,0x00000000ea700000,0x00000000ea700000)
  from space 17408K, 0% used [0x00000000ebc80000,0x00000000ebc80000,0x00000000ecd80000)
  to   space 22016K, 0% used [0x00000000ea700000,0x00000000ea700000,0x00000000ebc80000)
 ParOldGen       total 159232K, used 36618K [0x00000000a0000000, 0x00000000a9b80000, 0x00000000e0000000)
  object space 159232K, 22% used [0x00000000a0000000,0x00000000a23c2940,0x00000000a9b80000)
 Metaspace       used 62912K, capacity 64896K, committed 65064K, reserved 1105920K
  class space    used 8453K, capacity 8937K, committed 9008K, reserved 1048576K
Event: 17.283 GC heap after
Heap after GC invocations=14 (full 3):
 PSYoungGen      total 193024K, used 12177K [0x00000000e0000000, 0x00000000eea00000, 0x0000000100000000)
  eden space 171008K, 0% used [0x00000000e0000000,0x00000000e0000000,0x00000000ea700000)
  from space 22016K, 55% used [0x00000000ea700000,0x00000000eb2e4528,0x00000000ebc80000)
  to   space 21504K, 0% used [0x00000000ed500000,0x00000000ed500000,0x00000000eea00000)
 ParOldGen       total 159232K, used 36626K [0x00000000a0000000, 0x00000000a9b80000, 0x00000000e0000000)
  object space 159232K, 23% used [0x00000000a0000000,0x00000000a23c4940,0x00000000a9b80000)
 Metaspace       used 62912K, capacity 64896K, committed 65064K, reserved 1105920K
  class space    used 8453K, capacity 8937K, committed 9008K, reserved 1048576K
}
Event: 18.413 GC heap before
{Heap before GC invocations=15 (full 3):
 PSYoungGen      total 193024K, used 183185K [0x00000000e0000000, 0x00000000eea00000, 0x0000000100000000)
  eden space 171008K, 100% used [0x00000000e0000000,0x00000000ea700000,0x00000000ea700000)
  from space 22016K, 55% used [0x00000000ea700000,0x00000000eb2e4528,0x00000000ebc80000)
  to   space 21504K, 0% used [0x00000000ed500000,0x00000000ed500000,0x00000000eea00000)
 ParOldGen       total 159232K, used 36626K [0x00000000a0000000, 0x00000000a9b80000, 0x00000000e0000000)
  object space 159232K, 23% used [0x00000000a0000000,0x00000000a23c4940,0x00000000a9b80000)
 Metaspace       used 68737K, capacity 71646K, committed 71976K, reserved 1112064K
  class space    used 9285K, capacity 9916K, committed 10032K, reserved 1048576K
Event: 18.431 GC heap after
Heap after GC invocations=15 (full 3):
 PSYoungGen      total 213504K, used 21481K [0x00000000e0000000, 0x00000000ef680000, 0x0000000100000000)
  eden space 192000K, 0% used [0x00000000e0000000,0x00000000e0000000,0x00000000ebb80000)
  from space 21504K, 99% used [0x00000000ed500000,0x00000000ee9fa460,0x00000000eea00000)
  to   space 26112K, 0% used [0x00000000ebb80000,0x00000000ebb80000,0x00000000ed500000)
 ParOldGen       total 159232K, used 41812K [0x00000000a0000000, 0x00000000a9b80000, 0x00000000e0000000)
  object space 159232K, 26% used [0x00000000a0000000,0x00000000a28d53c8,0x00000000a9b80000)
 Metaspace       used 68737K, capacity 71646K, committed 71976K, reserved 1112064K
  class space    used 9285K, capacity 9916K, committed 10032K, reserved 1048576K
}
Event: 19.515 GC heap before
{Heap before GC invocations=16 (full 3):
 PSYoungGen      total 213504K, used 213481K [0x00000000e0000000, 0x00000000ef680000, 0x0000000100000000)
  eden space 192000K, 100% used [0x00000000e0000000,0x00000000ebb80000,0x00000000ebb80000)
  from space 21504K, 99% used [0x00000000ed500000,0x00000000ee9fa460,0x00000000eea00000)
  to   space 26112K, 0% used [0x00000000ebb80000,0x00000000ebb80000,0x00000000ed500000)
 ParOldGen       total 159232K, used 41812K [0x00000000a0000000, 0x00000000a9b80000, 0x00000000e0000000)
  object space 159232K, 26% used [0x00000000a0000000,0x00000000a28d53c8,0x00000000a9b80000)
 Metaspace       used 72929K, capacity 76778K, committed 76840K, reserved 1116160K
  class space    used 9786K, capacity 10534K, committed 10544K, reserved 1048576K
Event: 19.532 GC heap after
Heap after GC invocations=16 (full 3):
 PSYoungGen      total 218112K, used 17539K [0x00000000e0000000, 0x00000000f1180000, 0x0000000100000000)
  eden space 192000K, 0% used [0x00000000e0000000,0x00000000e0000000,0x00000000ebb80000)
  from space 26112K, 67% used [0x00000000ebb80000,0x00000000ecca0f50,0x00000000ed500000)
  to   space 26624K, 0% used [0x00000000ef780000,0x00000000ef780000,0x00000000f1180000)
 ParOldGen       total 159232K, used 41820K [0x00000000a0000000, 0x00000000a9b80000, 0x00000000e0000000)
  object space 159232K, 26% used [0x00000000a0000000,0x00000000a28d73c8,0x00000000a9b80000)
 Metaspace       used 72929K, capacity 76778K, committed 76840K, reserved 1116160K
  class space    used 9786K, capacity 10534K, committed 10544K, reserved 1048576K
}
Event: 21.241 GC heap before
{Heap before GC invocations=17 (full 3):
 PSYoungGen      total 218112K, used 209539K [0x00000000e0000000, 0x00000000f1180000, 0x0000000100000000)
  eden space 192000K, 100% used [0x00000000e0000000,0x00000000ebb80000,0x00000000ebb80000)
  from space 26112K, 67% used [0x00000000ebb80000,0x00000000ecca0f50,0x00000000ed500000)
  to   space 26624K, 0% used [0x00000000ef780000,0x00000000ef780000,0x00000000f1180000)
 ParOldGen       total 159232K, used 41820K [0x00000000a0000000, 0x00000000a9b80000, 0x00000000e0000000)
  object space 159232K, 26% used [0x00000000a0000000,0x00000000a28d73c8,0x00000000a9b80000)
 Metaspace       used 74212K, capacity 78188K, committed 78376K, reserved 1116160K
  class space    used 9918K, capacity 10677K, committed 10800K, reserved 1048576K
Event: 21.286 GC heap after
Heap after GC invocations=17 (full 3):
 PSYoungGen      total 239616K, used 26611K [0x00000000e0000000, 0x00000000f3380000, 0x0000000100000000)
  eden space 212992K, 0% used [0x00000000e0000000,0x00000000e0000000,0x00000000ed000000)
  from space 26624K, 99% used [0x00000000ef780000,0x00000000f117ce60,0x00000000f1180000)
  to   space 40448K, 0% used [0x00000000ed000000,0x00000000ed000000,0x00000000ef780000)
 ParOldGen       total 159232K, used 68793K [0x00000000a0000000, 0x00000000a9b80000, 0x00000000e0000000)
  object space 159232K, 43% used [0x00000000a0000000,0x00000000a432e7b0,0x00000000a9b80000)
 Metaspace       used 74212K, capacity 78188K, committed 78376K, reserved 1116160K
  class space    used 9918K, capacity 10677K, committed 10800K, reserved 1048576K
}

