# JRE version: OpenJDK Runtime Environment (8.0_152-b06) (build 1.8.0_152-release-1136-b06)
# Java VM: OpenJDK 64-Bit Server VM (25.152-b06 mixed mode windows-amd64 compressed oops)
Heap:
 PSYoungGen      total 274432K, used 50430K [0x00000000e0000000, 0x00000000f3280000, 0x0000000100000000)
  eden space 250368K, 10% used [0x00000000e0000000,0x00000000e19c3740,0x00000000ef480000)
  from space 24064K, 99% used [0x00000000f0380000,0x00000000f1afc2f0,0x00000000f1b00000)
  to   space 20480K, 0% used [0x00000000f1e80000,0x00000000f1e80000,0x00000000f3280000)
 ParOldGen       total 138240K, used 52524K [0x00000000a0000000, 0x00000000a8700000, 0x00000000e0000000)
  object space 138240K, 37% used [0x00000000a0000000,0x00000000a334b060,0x00000000a8700000)
 Metaspace       used 70440K, capacity 72830K, committed 73088K, reserved 1112064K
  class space    used 9229K, capacity 9833K, committed 9856K, reserved 1048576K
GC Heap History (10 events):
Event: 8.725 GC heap before
{Heap before GC invocations=12 (full 2):
 PSYoungGen      total 179200K, used 179190K [0x00000000e0000000, 0x00000000eed80000, 0x0000000100000000)
  eden space 165888K, 100% used [0x00000000e0000000,0x00000000ea200000,0x00000000ea200000)
  from space 13312K, 99% used [0x00000000ea200000,0x00000000eaefda68,0x00000000eaf00000)
  to   space 16896K, 0% used [0x00000000edd00000,0x00000000edd00000,0x00000000eed80000)
 ParOldGen       total 92160K, used 21178K [0x00000000a0000000, 0x00000000a5a00000, 0x00000000e0000000)
  object space 92160K, 22% used [0x00000000a0000000,0x00000000a14ae960,0x00000000a5a00000)
 Metaspace       used 55848K, capacity 57496K, committed 57728K, reserved 1099776K
  class space    used 7507K, capacity 7940K, committed 8064K, reserved 1048576K
Event: 8.739 GC heap after
Heap after GC invocations=12 (full 2):
 PSYoungGen      total 223232K, used 16865K [0x00000000e0000000, 0x00000000ef100000, 0x0000000100000000)
  eden space 206336K, 0% used [0x00000000e0000000,0x00000000e0000000,0x00000000ec980000)
  from space 16896K, 99% used [0x00000000edd00000,0x00000000eed78600,0x00000000eed80000)
  to   space 19968K, 0% used [0x00000000ec980000,0x00000000ec980000,0x00000000edd00000)
 ParOldGen       total 92160K, used 24265K [0x00000000a0000000, 0x00000000a5a00000, 0x00000000e0000000)
  object space 92160K, 26% used [0x00000000a0000000,0x00000000a17b2478,0x00000000a5a00000)
 Metaspace       used 55848K, capacity 57496K, committed 57728K, reserved 1099776K
  class space    used 7507K, capacity 7940K, committed 8064K, reserved 1048576K
}
Event: 9.006 GC heap before
{Heap before GC invocations=13 (full 2):
 PSYoungGen      total 223232K, used 48510K [0x00000000e0000000, 0x00000000ef100000, 0x0000000100000000)
  eden space 206336K, 15% used [0x00000000e0000000,0x00000000e1ee7200,0x00000000ec980000)
  from space 16896K, 99% used [0x00000000edd00000,0x00000000eed78600,0x00000000eed80000)
  to   space 19968K, 0% used [0x00000000ec980000,0x00000000ec980000,0x00000000edd00000)
 ParOldGen       total 92160K, used 24265K [0x00000000a0000000, 0x00000000a5a00000, 0x00000000e0000000)
  object space 92160K, 26% used [0x00000000a0000000,0x00000000a17b2478,0x00000000a5a00000)
 Metaspace       used 57190K, capacity 58972K, committed 59028K, reserved 1099776K
  class space    used 7730K, capacity 8169K, committed 8192K, reserved 1048576K
Event: 9.017 GC heap after
Heap after GC invocations=13 (full 2):
 PSYoungGen      total 226304K, used 3057K [0x00000000e0000000, 0x00000000f3280000, 0x0000000100000000)
  eden space 206336K, 0% used [0x00000000e0000000,0x00000000e0000000,0x00000000ec980000)
  from space 19968K, 15% used [0x00000000ec980000,0x00000000ecc7c7a8,0x00000000edd00000)
  to   space 20480K, 0% used [0x00000000f1e80000,0x00000000f1e80000,0x00000000f3280000)
 ParOldGen       total 92160K, used 38289K [0x00000000a0000000, 0x00000000a5a00000, 0x00000000e0000000)
  object space 92160K, 41% used [0x00000000a0000000,0x00000000a2564768,0x00000000a5a00000)
 Metaspace       used 57190K, capacity 58972K, committed 59028K, reserved 1099776K
  class space    used 7730K, capacity 8169K, committed 8192K, reserved 1048576K
}
Event: 9.017 GC heap before
{Heap before GC invocations=14 (full 3):
 PSYoungGen      total 226304K, used 3057K [0x00000000e0000000, 0x00000000f3280000, 0x0000000100000000)
  eden space 206336K, 0% used [0x00000000e0000000,0x00000000e0000000,0x00000000ec980000)
  from space 19968K, 15% used [0x00000000ec980000,0x00000000ecc7c7a8,0x00000000edd00000)
  to   space 20480K, 0% used [0x00000000f1e80000,0x00000000f1e80000,0x00000000f3280000)
 ParOldGen       total 92160K, used 38289K [0x00000000a0000000, 0x00000000a5a00000, 0x00000000e0000000)
  object space 92160K, 41% used [0x00000000a0000000,0x00000000a2564768,0x00000000a5a00000)
 Metaspace       used 57190K, capacity 58972K, committed 59028K, reserved 1099776K
  class space    used 7730K, capacity 8169K, committed 8192K, reserved 1048576K
Event: 9.225 GC heap after
Heap after GC invocations=14 (full 3):
 PSYoungGen      total 226304K, used 0K [0x00000000e0000000, 0x00000000f3280000, 0x0000000100000000)
  eden space 206336K, 0% used [0x00000000e0000000,0x00000000e0000000,0x00000000ec980000)
  from space 19968K, 0% used [0x00000000ec980000,0x00000000ec980000,0x00000000edd00000)
  to   space 20480K, 0% used [0x00000000f1e80000,0x00000000f1e80000,0x00000000f3280000)
 ParOldGen       total 138240K, used 32221K [0x00000000a0000000, 0x00000000a8700000, 0x00000000e0000000)
  object space 138240K, 23% used [0x00000000a0000000,0x00000000a1f77668,0x00000000a8700000)
 Metaspace       used 57190K, capacity 58972K, committed 59028K, reserved 1099776K
  class space    used 7730K, capacity 8169K, committed 8192K, reserved 1048576K
}
Event: 11.069 GC heap before
{Heap before GC invocations=15 (full 3):
 PSYoungGen      total 226304K, used 206336K [0x00000000e0000000, 0x00000000f3280000, 0x0000000100000000)
  eden space 206336K, 100% used [0x00000000e0000000,0x00000000ec980000,0x00000000ec980000)
  from space 19968K, 0% used [0x00000000ec980000,0x00000000ec980000,0x00000000edd00000)
  to   space 20480K, 0% used [0x00000000f1e80000,0x00000000f1e80000,0x00000000f3280000)
 ParOldGen       total 138240K, used 32221K [0x00000000a0000000, 0x00000000a8700000, 0x00000000e0000000)
  object space 138240K, 23% used [0x00000000a0000000,0x00000000a1f77668,0x00000000a8700000)
 Metaspace       used 63671K, capacity 65668K, committed 66048K, reserved 1105920K
  class space    used 8603K, capacity 9124K, committed 9216K, reserved 1048576K
Event: 11.081 GC heap after
Heap after GC invocations=15 (full 3):
 PSYoungGen      total 270848K, used 20479K [0x00000000e0000000, 0x00000000f3280000, 0x0000000100000000)
  eden space 250368K, 0% used [0x00000000e0000000,0x00000000e0000000,0x00000000ef480000)
  from space 20480K, 99% used [0x00000000f1e80000,0x00000000f327fc38,0x00000000f3280000)
  to   space 24064K, 0% used [0x00000000f0380000,0x00000000f0380000,0x00000000f1b00000)
 ParOldGen       total 138240K, used 33753K [0x00000000a0000000, 0x00000000a8700000, 0x00000000e0000000)
  object space 138240K, 24% used [0x00000000a0000000,0x00000000a20f6538,0x00000000a8700000)
 Metaspace       used 63671K, capacity 65668K, committed 66048K, reserved 1105920K
  class space    used 8603K, capacity 9124K, committed 9216K, reserved 1048576K
}
Event: 23.414 GC heap before
{Heap before GC invocations=16 (full 3):
 PSYoungGen      total 270848K, used 270847K [0x00000000e0000000, 0x00000000f3280000, 0x0000000100000000)
  eden space 250368K, 100% used [0x00000000e0000000,0x00000000ef480000,0x00000000ef480000)
  from space 20480K, 99% used [0x00000000f1e80000,0x00000000f327fc38,0x00000000f3280000)
  to   space 24064K, 0% used [0x00000000f0380000,0x00000000f0380000,0x00000000f1b00000)
 ParOldGen       total 138240K, used 33753K [0x00000000a0000000, 0x00000000a8700000, 0x00000000e0000000)
  object space 138240K, 24% used [0x00000000a0000000,0x00000000a20f6538,0x00000000a8700000)
 Metaspace       used 70031K, capacity 72414K, committed 72576K, reserved 1112064K
  class space    used 9201K, capacity 9801K, committed 9856K, reserved 1048576K
Event: 23.448 GC heap after
Heap after GC invocations=16 (full 3):
 PSYoungGen      total 274432K, used 24048K [0x00000000e0000000, 0x00000000f3280000, 0x0000000100000000)
  eden space 250368K, 0% used [0x00000000e0000000,0x00000000e0000000,0x00000000ef480000)
  from space 24064K, 99% used [0x00000000f0380000,0x00000000f1afc2f0,0x00000000f1b00000)
  to   space 20480K, 0% used [0x00000000f1e80000,0x00000000f1e80000,0x00000000f3280000)
 ParOldGen       total 138240K, used 52524K [0x00000000a0000000, 0x00000000a8700000, 0x00000000e0000000)
  object space 138240K, 37% used [0x00000000a0000000,0x00000000a334b060,0x00000000a8700000)
 Metaspace       used 70031K, capacity 72414K, committed 72576K, reserved 1112064K
  class space    used 9201K, capacity 9801K, committed 9856K, reserved 1048576K
}

