# JRE version: OpenJDK Runtime Environment (8.0_152-b06) (build 1.8.0_152-release-1136-b06)
# Java VM: OpenJDK 64-Bit Server VM (25.152-b06 mixed mode windows-amd64 compressed oops)
Heap:
 PSYoungGen      total 227328K, used 93025K [0x00000000e0000000, 0x00000000ef700000, 0x0000000100000000)
  eden space 202752K, 42% used [0x00000000e0000000,0x00000000e53ad280,0x00000000ec600000)
  from space 24576K, 29% used [0x00000000edf00000,0x00000000ee62b3c8,0x00000000ef700000)
  to   space 25088K, 0% used [0x00000000ec600000,0x00000000ec600000,0x00000000ede80000)
 ParOldGen       total 133632K, used 105469K [0x00000000a0000000, 0x00000000a8280000, 0x00000000e0000000)
  object space 133632K, 78% used [0x00000000a0000000,0x00000000a66ff540,0x00000000a8280000)
 Metaspace       used 96269K, capacity 100758K, committed 102144K, reserved 1138688K
  class space    used 11934K, capacity 12927K, committed 13312K, reserved 1048576K
GC Heap History (10 events):
Event: 1392.578 GC heap before
{Heap before GC invocations=75 (full 5):
 PSYoungGen      total 227840K, used 211336K [0x00000000e0000000, 0x00000000ef700000, 0x0000000100000000)
  eden space 202752K, 100% used [0x00000000e0000000,0x00000000ec600000,0x00000000ec600000)
  from space 25088K, 34% used [0x00000000ec600000,0x00000000ece62198,0x00000000ede80000)
  to   space 24576K, 0% used [0x00000000edf00000,0x00000000edf00000,0x00000000ef700000)
 ParOldGen       total 133632K, used 92256K [0x00000000a0000000, 0x00000000a8280000, 0x00000000e0000000)
  object space 133632K, 69% used [0x00000000a0000000,0x00000000a5a18148,0x00000000a8280000)
 Metaspace       used 96093K, capacity 100560K, committed 102144K, reserved 1138688K
  class space    used 11933K, capacity 12926K, committed 13312K, reserved 1048576K
Event: 1392.592 GC heap after
Heap after GC invocations=75 (full 5):
 PSYoungGen      total 227328K, used 6897K [0x00000000e0000000, 0x00000000ef700000, 0x0000000100000000)
  eden space 202752K, 0% used [0x00000000e0000000,0x00000000e0000000,0x00000000ec600000)
  from space 24576K, 28% used [0x00000000edf00000,0x00000000ee5bc4d0,0x00000000ef700000)
  to   space 25088K, 0% used [0x00000000ec600000,0x00000000ec600000,0x00000000ede80000)
 ParOldGen       total 133632K, used 96189K [0x00000000a0000000, 0x00000000a8280000, 0x00000000e0000000)
  object space 133632K, 71% used [0x00000000a0000000,0x00000000a5def598,0x00000000a8280000)
 Metaspace       used 96093K, capacity 100560K, committed 102144K, reserved 1138688K
  class space    used 11933K, capacity 12926K, committed 13312K, reserved 1048576K
}
Event: 1392.894 GC heap before
{Heap before GC invocations=76 (full 5):
 PSYoungGen      total 227328K, used 209649K [0x00000000e0000000, 0x00000000ef700000, 0x0000000100000000)
  eden space 202752K, 100% used [0x00000000e0000000,0x00000000ec600000,0x00000000ec600000)
  from space 24576K, 28% used [0x00000000edf00000,0x00000000ee5bc4d0,0x00000000ef700000)
  to   space 25088K, 0% used [0x00000000ec600000,0x00000000ec600000,0x00000000ede80000)
 ParOldGen       total 133632K, used 96189K [0x00000000a0000000, 0x00000000a8280000, 0x00000000e0000000)
  object space 133632K, 71% used [0x00000000a0000000,0x00000000a5def598,0x00000000a8280000)
 Metaspace       used 96147K, capacity 100624K, committed 102144K, reserved 1138688K
  class space    used 11934K, capacity 12926K, committed 13312K, reserved 1048576K
Event: 1392.900 GC heap after
Heap after GC invocations=76 (full 5):
 PSYoungGen      total 227840K, used 3393K [0x00000000e0000000, 0x00000000ef700000, 0x0000000100000000)
  eden space 202752K, 0% used [0x00000000e0000000,0x00000000e0000000,0x00000000ec600000)
  from space 25088K, 13% used [0x00000000ec600000,0x00000000ec950740,0x00000000ede80000)
  to   space 24576K, 0% used [0x00000000edf00000,0x00000000edf00000,0x00000000ef700000)
 ParOldGen       total 133632K, used 99375K [0x00000000a0000000, 0x00000000a8280000, 0x00000000e0000000)
  object space 133632K, 74% used [0x00000000a0000000,0x00000000a610be80,0x00000000a8280000)
 Metaspace       used 96147K, capacity 100624K, committed 102144K, reserved 1138688K
  class space    used 11934K, capacity 12926K, committed 13312K, reserved 1048576K
}
Event: 1393.254 GC heap before
{Heap before GC invocations=77 (full 5):
 PSYoungGen      total 227840K, used 206145K [0x00000000e0000000, 0x00000000ef700000, 0x0000000100000000)
  eden space 202752K, 100% used [0x00000000e0000000,0x00000000ec600000,0x00000000ec600000)
  from space 25088K, 13% used [0x00000000ec600000,0x00000000ec950740,0x00000000ede80000)
  to   space 24576K, 0% used [0x00000000edf00000,0x00000000edf00000,0x00000000ef700000)
 ParOldGen       total 133632K, used 99375K [0x00000000a0000000, 0x00000000a8280000, 0x00000000e0000000)
  object space 133632K, 74% used [0x00000000a0000000,0x00000000a610be80,0x00000000a8280000)
 Metaspace       used 96200K, capacity 100692K, committed 102144K, reserved 1138688K
  class space    used 11934K, capacity 12926K, committed 13312K, reserved 1048576K
Event: 1393.263 GC heap after
Heap after GC invocations=77 (full 5):
 PSYoungGen      total 227328K, used 3504K [0x00000000e0000000, 0x00000000ef700000, 0x0000000100000000)
  eden space 202752K, 0% used [0x00000000e0000000,0x00000000e0000000,0x00000000ec600000)
  from space 24576K, 14% used [0x00000000edf00000,0x00000000ee26c168,0x00000000ef700000)
  to   space 25088K, 0% used [0x00000000ec600000,0x00000000ec600000,0x00000000ede80000)
 ParOldGen       total 133632K, used 100349K [0x00000000a0000000, 0x00000000a8280000, 0x00000000e0000000)
  object space 133632K, 75% used [0x00000000a0000000,0x00000000a61ff478,0x00000000a8280000)
 Metaspace       used 96200K, capacity 100692K, committed 102144K, reserved 1138688K
  class space    used 11934K, capacity 12926K, committed 13312K, reserved 1048576K
}
Event: 1393.849 GC heap before
{Heap before GC invocations=78 (full 5):
 PSYoungGen      total 227328K, used 206256K [0x00000000e0000000, 0x00000000ef700000, 0x0000000100000000)
  eden space 202752K, 100% used [0x00000000e0000000,0x00000000ec600000,0x00000000ec600000)
  from space 24576K, 14% used [0x00000000edf00000,0x00000000ee26c168,0x00000000ef700000)
  to   space 25088K, 0% used [0x00000000ec600000,0x00000000ec600000,0x00000000ede80000)
 ParOldGen       total 133632K, used 100349K [0x00000000a0000000, 0x00000000a8280000, 0x00000000e0000000)
  object space 133632K, 75% used [0x00000000a0000000,0x00000000a61ff478,0x00000000a8280000)
 Metaspace       used 96235K, capacity 100692K, committed 102144K, reserved 1138688K
  class space    used 11934K, capacity 12926K, committed 13312K, reserved 1048576K
Event: 1393.857 GC heap after
Heap after GC invocations=78 (full 5):
 PSYoungGen      total 227840K, used 9633K [0x00000000e0000000, 0x00000000ef700000, 0x0000000100000000)
  eden space 202752K, 0% used [0x00000000e0000000,0x00000000e0000000,0x00000000ec600000)
  from space 25088K, 38% used [0x00000000ec600000,0x00000000ecf68688,0x00000000ede80000)
  to   space 24576K, 0% used [0x00000000edf00000,0x00000000edf00000,0x00000000ef700000)
 ParOldGen       total 133632K, used 100736K [0x00000000a0000000, 0x00000000a8280000, 0x00000000e0000000)
  object space 133632K, 75% used [0x00000000a0000000,0x00000000a6260080,0x00000000a8280000)
 Metaspace       used 96235K, capacity 100692K, committed 102144K, reserved 1138688K
  class space    used 11934K, capacity 12926K, committed 13312K, reserved 1048576K
}
Event: 1394.063 GC heap before
{Heap before GC invocations=79 (full 5):
 PSYoungGen      total 227840K, used 212385K [0x00000000e0000000, 0x00000000ef700000, 0x0000000100000000)
  eden space 202752K, 100% used [0x00000000e0000000,0x00000000ec600000,0x00000000ec600000)
  from space 25088K, 38% used [0x00000000ec600000,0x00000000ecf68688,0x00000000ede80000)
  to   space 24576K, 0% used [0x00000000edf00000,0x00000000edf00000,0x00000000ef700000)
 ParOldGen       total 133632K, used 100736K [0x00000000a0000000, 0x00000000a8280000, 0x00000000e0000000)
  object space 133632K, 75% used [0x00000000a0000000,0x00000000a6260080,0x00000000a8280000)
 Metaspace       used 96261K, capacity 100694K, committed 102144K, reserved 1138688K
  class space    used 11934K, capacity 12927K, committed 13312K, reserved 1048576K
Event: 1394.073 GC heap after
Heap after GC invocations=79 (full 5):
 PSYoungGen      total 227328K, used 7340K [0x00000000e0000000, 0x00000000ef700000, 0x0000000100000000)
  eden space 202752K, 0% used [0x00000000e0000000,0x00000000e0000000,0x00000000ec600000)
  from space 24576K, 29% used [0x00000000edf00000,0x00000000ee62b3c8,0x00000000ef700000)
  to   space 25088K, 0% used [0x00000000ec600000,0x00000000ec600000,0x00000000ede80000)
 ParOldGen       total 133632K, used 105469K [0x00000000a0000000, 0x00000000a8280000, 0x00000000e0000000)
  object space 133632K, 78% used [0x00000000a0000000,0x00000000a66ff540,0x00000000a8280000)
 Metaspace       used 96261K, capacity 100694K, committed 102144K, reserved 1138688K
  class space    used 11934K, capacity 12927K, committed 13312K, reserved 1048576K
}

