# JRE version: OpenJDK Runtime Environment (8.0_152-b06) (build 1.8.0_152-release-1136-b06)
# Java VM: OpenJDK 64-Bit Server VM (25.152-b06 mixed mode windows-amd64 compressed oops)
Heap:
 PSYoungGen      total 391680K, used 103637K [0x00000000e0000000, 0x00000000fd980000, 0x0000000100000000)
  eden space 370176K, 22% used [0x00000000e0000000,0x00000000e50387f0,0x00000000f6980000)
  from space 21504K, 99% used [0x00000000f6980000,0x00000000f7e7ce88,0x00000000f7e80000)
  to   space 30208K, 0% used [0x00000000fbc00000,0x00000000fbc00000,0x00000000fd980000)
 ParOldGen       total 150016K, used 82491K [0x00000000a0000000, 0x00000000a9280000, 0x00000000e0000000)
  object space 150016K, 54% used [0x00000000a0000000,0x00000000a508ec70,0x00000000a9280000)
 Metaspace       used 78587K, capacity 81184K, committed 81880K, reserved 1120256K
  class space    used 10206K, capacity 10795K, committed 11008K, reserved 1048576K
GC Heap History (10 events):
Event: 32.936 GC heap before
{Heap before GC invocations=33 (full 3):
 PSYoungGen      total 334336K, used 321297K [0x00000000e0000000, 0x00000000f9180000, 0x0000000100000000)
  eden space 313856K, 100% used [0x00000000e0000000,0x00000000f3280000,0x00000000f3280000)
  from space 20480K, 36% used [0x00000000f3280000,0x00000000f39c4680,0x00000000f4680000)
  to   space 19456K, 0% used [0x00000000f7e80000,0x00000000f7e80000,0x00000000f9180000)
 ParOldGen       total 150016K, used 112434K [0x00000000a0000000, 0x00000000a9280000, 0x00000000e0000000)
  object space 150016K, 74% used [0x00000000a0000000,0x00000000a6dcca38,0x00000000a9280000)
 Metaspace       used 77622K, capacity 80550K, committed 80728K, reserved 1120256K
  class space    used 10169K, capacity 10780K, committed 10880K, reserved 1048576K
Event: 32.961 GC heap after
Heap after GC invocations=33 (full 3):
 PSYoungGen      total 389632K, used 17620K [0x00000000e0000000, 0x00000000f9700000, 0x0000000100000000)
  eden space 370176K, 0% used [0x00000000e0000000,0x00000000e0000000,0x00000000f6980000)
  from space 19456K, 90% used [0x00000000f7e80000,0x00000000f8fb5258,0x00000000f9180000)
  to   space 21504K, 0% used [0x00000000f6980000,0x00000000f6980000,0x00000000f7e80000)
 ParOldGen       total 150016K, used 117598K [0x00000000a0000000, 0x00000000a9280000, 0x00000000e0000000)
  object space 150016K, 78% used [0x00000000a0000000,0x00000000a72d7ad0,0x00000000a9280000)
 Metaspace       used 77622K, capacity 80550K, committed 80728K, reserved 1120256K
  class space    used 10169K, capacity 10780K, committed 10880K, reserved 1048576K
}
Event: 33.629 GC heap before
{Heap before GC invocations=34 (full 3):
 PSYoungGen      total 389632K, used 387796K [0x00000000e0000000, 0x00000000f9700000, 0x0000000100000000)
  eden space 370176K, 100% used [0x00000000e0000000,0x00000000f6980000,0x00000000f6980000)
  from space 19456K, 90% used [0x00000000f7e80000,0x00000000f8fb5258,0x00000000f9180000)
  to   space 21504K, 0% used [0x00000000f6980000,0x00000000f6980000,0x00000000f7e80000)
 ParOldGen       total 150016K, used 117598K [0x00000000a0000000, 0x00000000a9280000, 0x00000000e0000000)
  object space 150016K, 78% used [0x00000000a0000000,0x00000000a72d7ad0,0x00000000a9280000)
 Metaspace       used 78097K, capacity 81072K, committed 81240K, reserved 1120256K
  class space    used 10244K, capacity 10841K, committed 10880K, reserved 1048576K
Event: 33.798 GC heap after
Heap after GC invocations=34 (full 3):
 PSYoungGen      total 391680K, used 17198K [0x00000000e0000000, 0x00000000f9700000, 0x0000000100000000)
  eden space 370176K, 0% used [0x00000000e0000000,0x00000000e0000000,0x00000000f6980000)
  from space 21504K, 79% used [0x00000000f6980000,0x00000000f7a4bad8,0x00000000f7e80000)
  to   space 19456K, 0% used [0x00000000f7e80000,0x00000000f7e80000,0x00000000f9180000)
 ParOldGen       total 150016K, used 129338K [0x00000000a0000000, 0x00000000a9280000, 0x00000000e0000000)
  object space 150016K, 86% used [0x00000000a0000000,0x00000000a7e4e9b8,0x00000000a9280000)
 Metaspace       used 78097K, capacity 81072K, committed 81240K, reserved 1120256K
  class space    used 10244K, capacity 10841K, committed 10880K, reserved 1048576K
}
Event: 35.358 GC heap before
{Heap before GC invocations=35 (full 3):
 PSYoungGen      total 391680K, used 387374K [0x00000000e0000000, 0x00000000f9700000, 0x0000000100000000)
  eden space 370176K, 100% used [0x00000000e0000000,0x00000000f6980000,0x00000000f6980000)
  from space 21504K, 79% used [0x00000000f6980000,0x00000000f7a4bad8,0x00000000f7e80000)
  to   space 19456K, 0% used [0x00000000f7e80000,0x00000000f7e80000,0x00000000f9180000)
 ParOldGen       total 150016K, used 129338K [0x00000000a0000000, 0x00000000a9280000, 0x00000000e0000000)
  object space 150016K, 86% used [0x00000000a0000000,0x00000000a7e4e9b8,0x00000000a9280000)
 Metaspace       used 78181K, capacity 81136K, committed 81240K, reserved 1120256K
  class space    used 10244K, capacity 10841K, committed 10880K, reserved 1048576K
Event: 35.380 GC heap after
Heap after GC invocations=35 (full 3):
 PSYoungGen      total 389632K, used 6492K [0x00000000e0000000, 0x00000000f9700000, 0x0000000100000000)
  eden space 370176K, 0% used [0x00000000e0000000,0x00000000e0000000,0x00000000f6980000)
  from space 19456K, 33% used [0x00000000f7e80000,0x00000000f84d7378,0x00000000f9180000)
  to   space 21504K, 0% used [0x00000000f6980000,0x00000000f6980000,0x00000000f7e80000)
 ParOldGen       total 150016K, used 137957K [0x00000000a0000000, 0x00000000a9280000, 0x00000000e0000000)
  object space 150016K, 91% used [0x00000000a0000000,0x00000000a86b9660,0x00000000a9280000)
 Metaspace       used 78181K, capacity 81136K, committed 81240K, reserved 1120256K
  class space    used 10244K, capacity 10841K, committed 10880K, reserved 1048576K
}
Event: 35.380 GC heap before
{Heap before GC invocations=36 (full 4):
 PSYoungGen      total 389632K, used 6492K [0x00000000e0000000, 0x00000000f9700000, 0x0000000100000000)
  eden space 370176K, 0% used [0x00000000e0000000,0x00000000e0000000,0x00000000f6980000)
  from space 19456K, 33% used [0x00000000f7e80000,0x00000000f84d7378,0x00000000f9180000)
  to   space 21504K, 0% used [0x00000000f6980000,0x00000000f6980000,0x00000000f7e80000)
 ParOldGen       total 150016K, used 137957K [0x00000000a0000000, 0x00000000a9280000, 0x00000000e0000000)
  object space 150016K, 91% used [0x00000000a0000000,0x00000000a86b9660,0x00000000a9280000)
 Metaspace       used 78181K, capacity 81136K, committed 81240K, reserved 1120256K
  class space    used 10244K, capacity 10841K, committed 10880K, reserved 1048576K
Event: 35.525 GC heap after
Heap after GC invocations=36 (full 4):
 PSYoungGen      total 389632K, used 0K [0x00000000e0000000, 0x00000000f9700000, 0x0000000100000000)
  eden space 370176K, 0% used [0x00000000e0000000,0x00000000e0000000,0x00000000f6980000)
  from space 19456K, 0% used [0x00000000f7e80000,0x00000000f7e80000,0x00000000f9180000)
  to   space 21504K, 0% used [0x00000000f6980000,0x00000000f6980000,0x00000000f7e80000)
 ParOldGen       total 150016K, used 70639K [0x00000000a0000000, 0x00000000a9280000, 0x00000000e0000000)
  object space 150016K, 47% used [0x00000000a0000000,0x00000000a44fbe18,0x00000000a9280000)
 Metaspace       used 77891K, capacity 80388K, committed 81240K, reserved 1120256K
  class space    used 10142K, capacity 10663K, committed 10880K, reserved 1048576K
}
Event: 39.705 GC heap before
{Heap before GC invocations=37 (full 4):
 PSYoungGen      total 389632K, used 370176K [0x00000000e0000000, 0x00000000f9700000, 0x0000000100000000)
  eden space 370176K, 100% used [0x00000000e0000000,0x00000000f6980000,0x00000000f6980000)
  from space 19456K, 0% used [0x00000000f7e80000,0x00000000f7e80000,0x00000000f9180000)
  to   space 21504K, 0% used [0x00000000f6980000,0x00000000f6980000,0x00000000f7e80000)
 ParOldGen       total 150016K, used 70639K [0x00000000a0000000, 0x00000000a9280000, 0x00000000e0000000)
  object space 150016K, 47% used [0x00000000a0000000,0x00000000a44fbe18,0x00000000a9280000)
 Metaspace       used 78574K, capacity 81184K, committed 81880K, reserved 1120256K
  class space    used 10206K, capacity 10795K, committed 11008K, reserved 1048576K
Event: 39.730 GC heap after
Heap after GC invocations=37 (full 4):
 PSYoungGen      total 391680K, used 21491K [0x00000000e0000000, 0x00000000fd980000, 0x0000000100000000)
  eden space 370176K, 0% used [0x00000000e0000000,0x00000000e0000000,0x00000000f6980000)
  from space 21504K, 99% used [0x00000000f6980000,0x00000000f7e7ce88,0x00000000f7e80000)
  to   space 30208K, 0% used [0x00000000fbc00000,0x00000000fbc00000,0x00000000fd980000)
 ParOldGen       total 150016K, used 82491K [0x00000000a0000000, 0x00000000a9280000, 0x00000000e0000000)
  object space 150016K, 54% used [0x00000000a0000000,0x00000000a508ec70,0x00000000a9280000)
 Metaspace       used 78574K, capacity 81184K, committed 81880K, reserved 1120256K
  class space    used 10206K, capacity 10795K, committed 11008K, reserved 1048576K
}

